#
# There is insufficient memory for the Java Runtime Environment to continue.
# Native memory allocation (malloc) failed to allocate 32744 bytes for ChunkPool::allocate
# Possible reasons:
#   The system is out of physical RAM or swap space
#   In 32 bit mode, the process size limit was hit
# Possible solutions:
#   Reduce memory load on the system
#   Increase physical memory or swap space
#   Check if swap backing store is full
#   Use 64 bit Java on a 64 bit OS
#   Decrease Java heap size (-Xmx/-Xms)
#   Decrease number of Java threads
#   Decrease Java thread stack sizes (-Xss)
#   Set larger code cache with -XX:ReservedCodeCacheSize=
# This output file may be truncated or incomplete.
#
#  Out of Memory Error (allocation.cpp:273), pid=9980, tid=6428
#
# JRE version: Java(TM) SE Runtime Environment (8.0_65-b17) (build 1.8.0_65-b17)
# Java VM: Java HotSpot(TM) 64-Bit Server VM (25.65-b01 mixed mode windows-amd64 compressed oops)
# Failed to write core dump. Minidumps are not enabled by default on client versions of Windows
#

---------------  T H R E A D  ---------------

Current thread (0x00000000174c4000):  JavaThread "C1 CompilerThread3" daemon [_thread_in_native, id=6428, stack(0x0000000017d90000,0x0000000017e90000)]

Stack: [0x0000000017d90000,0x0000000017e90000]
[error occurred during error reporting (printing stack bounds), id 0xc0000005]

Native frames: (J=compiled Java code, j=interpreted, Vv=VM code, C=native code)


Current CompileTask:
C1:    259  277   !   3       com.android.dx.cf.code.BytecodeArray::parseInstruction (2764 bytes)


---------------  P R O C E S S  ---------------

Java Threads: ( => current thread )
  0x0000000017812800 JavaThread "pool-2-thread-4" [_thread_in_Java, id=4384, stack(0x0000000018c90000,0x0000000018d90000)]
  0x0000000017887000 JavaThread "pool-2-thread-3" [_thread_in_Java, id=1756, stack(0x0000000018b90000,0x0000000018c90000)]
  0x00000000176c1800 JavaThread "pool-2-thread-2" [_thread_in_vm, id=16228, stack(0x0000000018290000,0x0000000018390000)]
  0x000000001766c800 JavaThread "pool-3-thread-1" [_thread_blocked, id=15820, stack(0x0000000018190000,0x0000000018290000)]
  0x0000000017657000 JavaThread "pool-2-thread-1" [_thread_in_Java, id=15440, stack(0x0000000018090000,0x0000000018190000)]
  0x00000000174da000 JavaThread "Service Thread" daemon [_thread_blocked, id=4372, stack(0x0000000017e90000,0x0000000017f90000)]
=>0x00000000174c4000 JavaThread "C1 CompilerThread3" daemon [_thread_in_native, id=6428, stack(0x0000000017d90000,0x0000000017e90000)]
  0x00000000174be800 JavaThread "C2 CompilerThread2" daemon [_thread_in_native, id=15876, stack(0x0000000017c90000,0x0000000017d90000)]
  0x00000000174ba800 JavaThread "C2 CompilerThread1" daemon [_thread_in_native, id=1100, stack(0x0000000017b90000,0x0000000017c90000)]
  0x00000000174b6000 JavaThread "C2 CompilerThread0" daemon [_thread_in_native, id=1236, stack(0x0000000017a90000,0x0000000017b90000)]
  0x00000000174b4800 JavaThread "Attach Listener" daemon [_thread_blocked, id=16348, stack(0x0000000017990000,0x0000000017a90000)]
  0x00000000174b3800 JavaThread "Signal Dispatcher" daemon [_thread_blocked, id=1408, stack(0x0000000017890000,0x0000000017990000)]
  0x00000000028b9000 JavaThread "Finalizer" daemon [_thread_blocked, id=8300, stack(0x00000000172b0000,0x00000000173b0000)]
  0x00000000028b2000 JavaThread "Reference Handler" daemon [_thread_blocked, id=12624, stack(0x00000000171b0000,0x00000000172b0000)]
  0x00000000027c0800 JavaThread "main" [_thread_blocked, id=8224, stack(0x00000000026c0000,0x00000000027c0000)]

Other Threads:
  0x00000000153d9800 VMThread [stack: 0x00000000170b0000,0x00000000171b0000] [id=16152]
  0x000000001755c000 WatcherThread [stack: 0x0000000017f90000,0x0000000018090000] [id=6320]

VM state:not at safepoint (normal execution)

VM Mutex/Monitor currently owned by a thread: None

Heap:
 PSYoungGen      total 76288K, used 14418K [0x00000000eab00000, 0x00000000f0000000, 0x0000000100000000)
  eden space 65536K, 22% used [0x00000000eab00000,0x00000000eb914b58,0x00000000eeb00000)
  from space 10752K, 0% used [0x00000000ef580000,0x00000000ef580000,0x00000000f0000000)
  to   space 10752K, 0% used [0x00000000eeb00000,0x00000000eeb00000,0x00000000ef580000)
 ParOldGen       total 175104K, used 0K [0x00000000c0000000, 0x00000000cab00000, 0x00000000eab00000)
  object space 175104K, 0% used [0x00000000c0000000,0x00000000c0000000,0x00000000cab00000)
 Metaspace       used 4482K, capacity 5744K, committed 6016K, reserved 1056768K
  class space    used 494K, capacity 552K, committed 640K, reserved 1048576K

Card table byte_map: [0x0000000011c80000,0x0000000011e90000] byte_map_base: 0x0000000011680000

Marking Bits: (ParMarkBitMap*) 0x00000000651ea5b0
 Begin Bits: [0x00000000127f0000, 0x00000000137f0000)
 End Bits:   [0x00000000137f0000, 0x00000000147f0000)

Polling page: 0x0000000002480000

CodeCache: size=245760Kb used=1656Kb max_used=1667Kb free=244103Kb
 bounds [0x00000000028c0000, 0x0000000002b30000, 0x00000000118c0000]
 total_blobs=539 nmethods=281 adapters=171
 compilation: enabled

Compilation events (10 events):
Event: 0.255 Thread 0x00000000174c4000 nmethod 276 0x0000000002a5dd50 code [0x0000000002a5dea0, 0x0000000002a5dfb0]
Event: 0.255 Thread 0x00000000174c4000  268   !   3       com.android.dx.util.IntList::get (36 bytes)
Event: 0.255 Thread 0x00000000174c4000 nmethod 268 0x0000000002a5e010 code [0x0000000002a5e1a0, 0x0000000002a5e518]
Event: 0.255 Thread 0x00000000174c4000  277   !   3       com.android.dx.cf.code.BytecodeArray::parseInstruction (2764 bytes)
Event: 0.256 Thread 0x00000000174b6000  298       4       java.util.ArrayList::get (11 bytes)
Event: 0.257 Thread 0x00000000174be800  299   !   4       com.android.dx.util.FixedSizeList::get0 (47 bytes)
Event: 0.257 Thread 0x00000000174b6000 nmethod 298 0x0000000002a61410 code [0x0000000002a61540, 0x0000000002a615f8]
Event: 0.257 Thread 0x00000000174b6000  307       4       java.util.HashMap::getNode (148 bytes)
Event: 0.257 Thread 0x00000000174be800 nmethod 299 0x0000000002a61710 code [0x0000000002a61840, 0x0000000002a618f8]
Event: 0.258 Thread 0x00000000174be800  313       4       java.util.HashMap::get (23 bytes)

GC Heap History (0 events):
No events

Deoptimization events (0 events):
No events

Internal exceptions (2 events):
Event: 0.039 Thread 0x00000000027c0800 Exception <a 'java/lang/NoSuchMethodError': Method sun.misc.Unsafe.defineClass(Ljava/lang/String;[BII)Ljava/lang/Class; name or signature does not match> (0x00000000eab0d670) thrown at [C:\workspace\8-2-build-windows-amd64-cygwin\jdk8u65\4987\hotspot\src\sÜ½‘˜Ä8¤?
Event: 0.039 Thread 0x00000000027c0800 Exception <a 'java/lang/NoSuchMethodError': Method sun.misc.Unsafe.prefetchRead(Ljava/lang/Object;J)V name or signature does not match> (0x00000000eab0d958) thrown at [C:\workspace\8-2-build-windows-amd64-cygwin\jdk8u65\4987\hotspot\src\share\vm\prims\jni.

Events (10 events):
Event: 0.257 loading class java/lang/Class$4
Event: 0.257 loading class java/lang/Class$4 done
Event: 0.257 loading class sun/reflect/NativeMethodAccessorImpl
Event: 0.257 loading class sun/reflect/NativeMethodAccessorImpl done
Event: 0.257 loading class sun/reflect/DelegatingMethodAccessorImpl
Event: 0.258 loading class sun/reflect/DelegatingMethodAccessorImpl done
Event: 0.258 loading class java/util/RegularEnumSet
Event: 0.258 loading class java/util/RegularEnumSet done
Event: 0.258 loading class com/android/dx/ssa/SsaConverter
Event: 0.258 loading class com/android/dx/ssa/SsaConverter done


Dynamic libraries:
0x00007ff7e67b0000 - 0x00007ff7e67e7000 	C:\Program Files\Java\jdk1.8.0_65\bin\java.exe
0x00007fff6b990000 - 0x00007fff6bb52000 	C:\WINDOWS\SYSTEM32\ntdll.dll
0x00007fff69ce0000 - 0x00007fff69d8d000 	C:\WINDOWS\system32\KERNEL32.DLL
0x00007fff68510000 - 0x00007fff686ed000 	C:\WINDOWS\system32\KERNELBASE.dll
0x00007fff69450000 - 0x00007fff694f6000 	C:\WINDOWS\system32\ADVAPI32.dll
0x00007fff6a090000 - 0x00007fff6a12d000 	C:\WINDOWS\system32\msvcrt.dll
0x00007fff69d90000 - 0x00007fff69deb000 	C:\WINDOWS\system32\sechost.dll
0x00007fff69620000 - 0x00007fff69746000 	C:\WINDOWS\system32\RPCRT4.dll
0x00007fff6a310000 - 0x00007fff6a45e000 	C:\WINDOWS\system32\USER32.dll
0x00007fff6a140000 - 0x00007fff6a2c5000 	C:\WINDOWS\system32\GDI32.dll
0x00007fff5e540000 - 0x00007fff5e7b4000 	C:\WINDOWS\WinSxS\amd64_microsoft.windows.common-controls_6595b64144ccf1df_6.0.10240.16384_none_f41f7b285750ef43\COMCTL32.dll
0x00007fff6a2d0000 - 0x00007fff6a306000 	C:\WINDOWS\system32\IMM32.DLL
0x00007fff69750000 - 0x00007fff698ac000 	C:\WINDOWS\system32\MSCTF.dll
0x0000000064520000 - 0x00000000645f2000 	C:\Program Files\Java\jdk1.8.0_65\jre\bin\msvcr100.dll
0x00000000649e0000 - 0x0000000065269000 	C:\Program Files\Java\jdk1.8.0_65\jre\bin\server\jvm.dll
0x00007fff69500000 - 0x00007fff69508000 	C:\WINDOWS\system32\PSAPI.DLL
0x00007fff62f70000 - 0x00007fff62f79000 	C:\WINDOWS\SYSTEM32\WSOCK32.dll
0x00007fff66200000 - 0x00007fff66223000 	C:\WINDOWS\SYSTEM32\WINMM.dll
0x00007fff69ae0000 - 0x00007fff69b49000 	C:\WINDOWS\system32\WS2_32.dll
0x00007fff5f020000 - 0x00007fff5f02a000 	C:\WINDOWS\SYSTEM32\VERSION.dll
0x00007fff661d0000 - 0x00007fff661fc000 	C:\WINDOWS\SYSTEM32\WINMMBASE.dll
0x00007fff69cd0000 - 0x00007fff69cd8000 	C:\WINDOWS\system32\NSI.dll
0x00007fff689e0000 - 0x00007fff68a24000 	C:\WINDOWS\system32\cfgmgr32.dll
0x00007fff680e0000 - 0x00007fff68107000 	C:\WINDOWS\SYSTEM32\DEVOBJ.dll
0x00000000649d0000 - 0x00000000649df000 	C:\Program Files\Java\jdk1.8.0_65\jre\bin\verify.dll
0x00000000649a0000 - 0x00000000649c9000 	C:\Program Files\Java\jdk1.8.0_65\jre\bin\java.dll
0x0000000064980000 - 0x0000000064996000 	C:\Program Files\Java\jdk1.8.0_65\jre\bin\zip.dll
0x00007fff6a460000 - 0x00007fff6b983000 	C:\WINDOWS\system32\SHELL32.dll
0x00007fff68a30000 - 0x00007fff69059000 	C:\WINDOWS\system32\windows.storage.dll
0x00007fff69df0000 - 0x00007fff6a06c000 	C:\WINDOWS\system32\combase.dll
0x00007fff69c10000 - 0x00007fff69c61000 	C:\WINDOWS\system32\shlwapi.dll
0x00007fff68410000 - 0x00007fff6841f000 	C:\WINDOWS\system32\kernel.appcore.dll
0x00007fff688c0000 - 0x00007fff68973000 	C:\WINDOWS\system32\shcore.dll
0x00007fff683c0000 - 0x00007fff6840a000 	C:\WINDOWS\system32\powrprof.dll
0x00007fff68440000 - 0x00007fff68453000 	C:\WINDOWS\system32\profapi.dll

VM Arguments:
jvm_args: -Djava.awt.headless=true -Xmx1024M -Dfile.encoding=windows-1252 -Duser.country=US -Duser.language=en -Duser.variant 
java_command: com.android.dx.command.Main --dex --force-jumbo --num-threads=4 --multi-dex --output D:\AndroidPrograms\OpenGLPractice\app\build\intermediates\transforms\dex\debug\folders\1000\5\slice_0 D:\AndroidPrograms\OpenGLPractice\app\build\intermediates\transforms\instantRunSlicer\debug\folders\1\5\slice_0
java_class_path (initial): D:\AppData\Local\Android\sdk1\build-tools\23.0.3\lib\dx.jar
Launcher Type: SUN_STANDARD

Environment Variables:
PATH=C:\ProgramData\Oracle\Java\javapath;C:\Program Files (x86)\Intel\iCLS Client\;C:\Program Files\Intel\iCLS Client\;C:\WINDOWS\system32;C:\WINDOWS;C:\WINDOWS\System32\Wbem;C:\WINDOWS\System32\WindowsPowerShell\v1.0\;C:\Program Files\Intel\Intel(R) Management Engine Components\DAL;C:\Program Files (x86)\Intel\Intel(R) Management Engine Components\DAL;C:\Program Files\Intel\Intel(R) Management Engine Components\IPT;C:\Program Files (x86)\Intel\Intel(R) Management Engine Components\IPT;c:\Program Files (x86)\ATI Technologies\ATI.ACE\Core-Static;C:\Program Files (x86)\Windows Live\Shared;C:\Program Files (x86)\Skype\Phone\;D:\AppData\Local\Android\sdk\tools;D:\AppData\Local\Android\sdk\platform-tools;D:\AppData\Local\Programs\Git\bin;D:\AppData\Local\Programs\Git\cmd
USERNAME=Taylor
OS=Windows_NT
PROCESSOR_IDENTIFIER=Intel64 Family 6 Model 60 Stepping 3, GenuineIntel



---------------  S Y S T E M  ---------------

OS: Windows 10.0 , 64 bit Build 10240 (10.0.10240.16384)

CPU:total 8 (4 cores per cpu, 2 threads per core) family 6 model 60 stepping 3, cmov, cx8, fxsr, mmx, sse, sse2, sse3, ssse3, sse4.1, sse4.2, popcnt, avx, avx2, aes, clmul, erms, lzcnt, ht, tsc, tscinvbit, bmi1, bmi2

Memory: 4k page, physical 16660000k(4949168k free), swap 21781160k(2364k free)

vm_info: Java HotSpot(TM) 64-Bit Server VM (25.65-b01) for windows-amd64 JRE (1.8.0_65-b17), built on Oct  6 2015 16:39:20 by "java_re" with MS VC++ 10.0 (VS2010)

time: Thu Sep 15 19:00:02 2016
elapsed time: 0 seconds (0d 0h 0m 0s)

