#
# There is insufficient memory for the Java Runtime Environment to continue.
# Native memory allocation (malloc) failed to allocate 504176 bytes for Chunk::new
# Possible reasons:
#   The system is out of physical RAM or swap space
#   In 32 bit mode, the process size limit was hit
# Possible solutions:
#   Reduce memory load on the system
#   Increase physical memory or swap space
#   Check if swap backing store is full
#   Use 64 bit Java on a 64 bit OS
#   Decrease Java heap size (-Xmx/-Xms)
#   Decrease number of Java threads
#   Decrease Java thread stack sizes (-Xss)
#   Set larger code cache with -XX:ReservedCodeCacheSize=
# This output file may be truncated or incomplete.
#
#  Out of Memory Error (allocation.cpp:390), pid=16044, tid=10584
#
# JRE version: Java(TM) SE Runtime Environment (8.0_65-b17) (build 1.8.0_65-b17)
# Java VM: Java HotSpot(TM) 64-Bit Server VM (25.65-b01 mixed mode windows-amd64 compressed oops)
# Failed to write core dump. Minidumps are not enabled by default on client versions of Windows
#

---------------  T H R E A D  ---------------

Current thread (0x0000000017890000):  JavaThread "C2 CompilerThread2" daemon [_thread_in_native, id=10584, stack(0x0000000018060000,0x0000000018160000)]

Stack: [0x0000000018060000,0x0000000018160000]
[error occurred during error reporting (printing stack bounds), id 0xc0000005]

Native frames: (J=compiled Java code, j=interpreted, Vv=VM code, C=native code)


Current CompileTask:
C2:    200  208   !   4       com.android.dx.cf.cst.ConstantPoolParser::parse0 (731 bytes)


---------------  P R O C E S S  ---------------

Java Threads: ( => current thread )
  0x0000000017b96000 JavaThread "pool-2-thread-4" [_thread_blocked, id=16148, stack(0x0000000018860000,0x0000000018960000)]
  0x0000000017a53000 JavaThread "pool-2-thread-3" [_thread_blocked, id=14316, stack(0x0000000018760000,0x0000000018860000)]
  0x0000000017a52800 JavaThread "pool-2-thread-2" [_thread_blocked, id=5244, stack(0x0000000018660000,0x0000000018760000)]
  0x0000000017a25800 JavaThread "pool-3-thread-1" [_thread_blocked, id=13612, stack(0x0000000018560000,0x0000000018660000)]
  0x0000000017a4e000 JavaThread "pool-2-thread-1" [_thread_in_native, id=13788, stack(0x0000000018460000,0x0000000018560000)]
  0x00000000178f5800 JavaThread "Service Thread" daemon [_thread_blocked, id=16260, stack(0x0000000018260000,0x0000000018360000)]
  0x0000000017893800 JavaThread "C1 CompilerThread3" daemon [_thread_in_native, id=11972, stack(0x0000000018160000,0x0000000018260000)]
=>0x0000000017890000 JavaThread "C2 CompilerThread2" daemon [_thread_in_native, id=10584, stack(0x0000000018060000,0x0000000018160000)]
  0x000000001788a800 JavaThread "C2 CompilerThread1" daemon [_thread_blocked, id=15772, stack(0x0000000017f60000,0x0000000018060000)]
  0x0000000017886000 JavaThread "C2 CompilerThread0" daemon [_thread_blocked, id=15372, stack(0x0000000017e60000,0x0000000017f60000)]
  0x0000000017884800 JavaThread "Attach Listener" daemon [_thread_blocked, id=16116, stack(0x0000000017d60000,0x0000000017e60000)]
  0x0000000017883800 JavaThread "Signal Dispatcher" daemon [_thread_blocked, id=16248, stack(0x0000000017c60000,0x0000000017d60000)]
  0x0000000002b79000 JavaThread "Finalizer" daemon [_thread_blocked, id=9896, stack(0x0000000017680000,0x0000000017780000)]
  0x0000000002b72000 JavaThread "Reference Handler" daemon [_thread_blocked, id=336, stack(0x0000000017580000,0x0000000017680000)]
  0x0000000002a80800 JavaThread "main" [_thread_blocked, id=15820, stack(0x0000000002950000,0x0000000002a50000)]

Other Threads:
  0x0000000015799800 VMThread [stack: 0x0000000017480000,0x0000000017580000] [id=15684]
  0x0000000017924000 WatcherThread [stack: 0x0000000018360000,0x0000000018460000] [id=15104]

VM state:not at safepoint (normal execution)

VM Mutex/Monitor currently owned by a thread: None

Heap:
 PSYoungGen      total 76288K, used 13107K [0x00000000eab00000, 0x00000000f0000000, 0x0000000100000000)
  eden space 65536K, 20% used [0x00000000eab00000,0x00000000eb7ccf88,0x00000000eeb00000)
  from space 10752K, 0% used [0x00000000ef580000,0x00000000ef580000,0x00000000f0000000)
  to   space 10752K, 0% used [0x00000000eeb00000,0x00000000eeb00000,0x00000000ef580000)
 ParOldGen       total 175104K, used 0K [0x00000000c0000000, 0x00000000cab00000, 0x00000000eab00000)
  object space 175104K, 0% used [0x00000000c0000000,0x00000000c0000000,0x00000000cab00000)
 Metaspace       used 4096K, capacity 5456K, committed 5760K, reserved 1056768K
  class space    used 464K, capacity 520K, committed 640K, reserved 1048576K

Card table byte_map: [0x0000000012040000,0x0000000012250000] byte_map_base: 0x0000000011a40000

Marking Bits: (ParMarkBitMap*) 0x00000000651ea5b0
 Begin Bits: [0x0000000012bb0000, 0x0000000013bb0000)
 End Bits:   [0x0000000013bb0000, 0x0000000014bb0000)

Polling page: 0x0000000000da0000

CodeCache: size=245760Kb used=1588Kb max_used=1588Kb free=244171Kb
 bounds [0x0000000002c80000, 0x0000000002ef0000, 0x0000000011c80000]
 total_blobs=466 nmethods=213 adapters=166
 compilation: enabled

Compilation events (10 events):
Event: 0.195 Thread 0x0000000017893800 nmethod 214 0x0000000002dfc210 code [0x0000000002dfc360, 0x0000000002dfc470]
Event: 0.195 Thread 0x0000000017893800  192   !   3       com.android.dx.util.FixedSizeList::<init> (36 bytes)
Event: 0.196 Thread 0x0000000017893800 nmethod 192 0x0000000002dff9d0 code [0x0000000002dffb60, 0x0000000002dfff48]
Event: 0.196 Thread 0x0000000017893800  189       3       com.android.dx.cf.attrib.BaseAttribute::<init> (24 bytes)
Event: 0.196 Thread 0x000000001788a800  232       4       java.lang.String::equals (81 bytes)
Event: 0.196 Thread 0x0000000017893800 nmethod 189 0x0000000002dff490 code [0x0000000002dff600, 0x0000000002dff8c8]
Event: 0.196 Thread 0x0000000017893800  190       3       com.android.dx.cf.iface.StdAttributeList::set (7 bytes)
Event: 0.196 Thread 0x0000000017893800 nmethod 190 0x0000000002e03b50 code [0x0000000002e03d20, 0x0000000002e04508]
Event: 0.196 Thread 0x0000000017893800  188       3       com.android.dx.cf.direct.StdAttributeFactory::parse0 (532 bytes)
Event: 0.197 Thread 0x0000000017886000 nmethod 226 0x0000000002e03750 code [0x0000000002e038a0, 0x0000000002e03a38]

GC Heap History (0 events):
No events

Deoptimization events (0 events):
No events

Internal exceptions (2 events):
Event: 0.037 Thread 0x0000000002a80800 Exception <a 'java/lang/NoSuchMethodError': Method sun.misc.Unsafe.defineClass(Ljava/lang/String;[BII)Ljava/lang/Class; name or signature does not match> (0x00000000eab0d670) thrown at [C:\workspace\8-2-build-windows-amd64-cygwin\jdk8u65\4987\hotspot\src\sxkkŽ¿ê¢?
Event: 0.037 Thread 0x0000000002a80800 Exception <a 'java/lang/NoSuchMethodError': Method sun.misc.Unsafe.prefetchRead(Ljava/lang/Object;J)V name or signature does not match> (0x00000000eab0d958) thrown at [C:\workspace\8-2-build-windows-amd64-cygwin\jdk8u65\4987\hotspot\src\share\vm\prims\jni.

Events (10 events):
Event: 0.194 Thread 0x0000000017a53000 DEOPT PACKING pc=0x0000000002df4095 sp=0x000000001885eb80
Event: 0.194 Thread 0x0000000017a53000 DEOPT UNPACKING pc=0x0000000002cc787f sp=0x000000001885e870 mode 0
Event: 0.195 Thread 0x0000000017a53000 DEOPT PACKING pc=0x0000000002df4095 sp=0x000000001885ebd0
Event: 0.195 Thread 0x0000000017a53000 DEOPT UNPACKING pc=0x0000000002cc787f sp=0x000000001885e8c0 mode 0
Event: 0.195 Thread 0x0000000017a53000 DEOPT PACKING pc=0x0000000002df4095 sp=0x000000001885ec20
Event: 0.195 Thread 0x0000000017a53000 DEOPT UNPACKING pc=0x0000000002cc787f sp=0x000000001885e910 mode 0
Event: 0.195 Thread 0x0000000017a53000 DEOPT PACKING pc=0x0000000002df4095 sp=0x000000001885ebd0
Event: 0.195 Thread 0x0000000017a53000 DEOPT UNPACKING pc=0x0000000002cc787f sp=0x000000001885e8c0 mode 0
Event: 0.198 loading class com/android/dx/cf/code/ByteCatchList$Item
Event: 0.198 loading class com/android/dx/cf/code/ByteCatchList$Item done


Dynamic libraries:
0x00007ff7e67b0000 - 0x00007ff7e67e7000 	C:\Program Files\Java\jdk1.8.0_65\bin\java.exe
0x00007fff6b990000 - 0x00007fff6bb52000 	C:\WINDOWS\SYSTEM32\ntdll.dll
0x00007fff69ce0000 - 0x00007fff69d8d000 	C:\WINDOWS\system32\KERNEL32.DLL
0x00007fff68510000 - 0x00007fff686ed000 	C:\WINDOWS\system32\KERNELBASE.dll
0x00007fff69450000 - 0x00007fff694f6000 	C:\WINDOWS\system32\ADVAPI32.dll
0x00007fff6a090000 - 0x00007fff6a12d000 	C:\WINDOWS\system32\msvcrt.dll
0x00007fff69d90000 - 0x00007fff69deb000 	C:\WINDOWS\system32\sechost.dll
0x00007fff69620000 - 0x00007fff69746000 	C:\WINDOWS\system32\RPCRT4.dll
0x00007fff6a310000 - 0x00007fff6a45e000 	C:\WINDOWS\system32\USER32.dll
0x00007fff6a140000 - 0x00007fff6a2c5000 	C:\WINDOWS\system32\GDI32.dll
0x00007fff5e540000 - 0x00007fff5e7b4000 	C:\WINDOWS\WinSxS\amd64_microsoft.windows.common-controls_6595b64144ccf1df_6.0.10240.16384_none_f41f7b285750ef43\COMCTL32.dll
0x00007fff6a2d0000 - 0x00007fff6a306000 	C:\WINDOWS\system32\IMM32.DLL
0x00007fff69750000 - 0x00007fff698ac000 	C:\WINDOWS\system32\MSCTF.dll
0x0000000064520000 - 0x00000000645f2000 	C:\Program Files\Java\jdk1.8.0_65\jre\bin\msvcr100.dll
0x00000000649e0000 - 0x0000000065269000 	C:\Program Files\Java\jdk1.8.0_65\jre\bin\server\jvm.dll
0x00007fff69500000 - 0x00007fff69508000 	C:\WINDOWS\system32\PSAPI.DLL
0x00007fff62f70000 - 0x00007fff62f79000 	C:\WINDOWS\SYSTEM32\WSOCK32.dll
0x00007fff66200000 - 0x00007fff66223000 	C:\WINDOWS\SYSTEM32\WINMM.dll
0x00007fff5f020000 - 0x00007fff5f02a000 	C:\WINDOWS\SYSTEM32\VERSION.dll
0x00007fff69ae0000 - 0x00007fff69b49000 	C:\WINDOWS\system32\WS2_32.dll
0x00007fff661d0000 - 0x00007fff661fc000 	C:\WINDOWS\SYSTEM32\WINMMBASE.dll
0x00007fff69cd0000 - 0x00007fff69cd8000 	C:\WINDOWS\system32\NSI.dll
0x00007fff689e0000 - 0x00007fff68a24000 	C:\WINDOWS\system32\cfgmgr32.dll
0x00007fff680e0000 - 0x00007fff68107000 	C:\WINDOWS\SYSTEM32\DEVOBJ.dll
0x00000000649d0000 - 0x00000000649df000 	C:\Program Files\Java\jdk1.8.0_65\jre\bin\verify.dll
0x00000000649a0000 - 0x00000000649c9000 	C:\Program Files\Java\jdk1.8.0_65\jre\bin\java.dll
0x0000000064980000 - 0x0000000064996000 	C:\Program Files\Java\jdk1.8.0_65\jre\bin\zip.dll
0x00007fff6a460000 - 0x00007fff6b983000 	C:\WINDOWS\system32\SHELL32.dll
0x00007fff68a30000 - 0x00007fff69059000 	C:\WINDOWS\system32\windows.storage.dll
0x00007fff69df0000 - 0x00007fff6a06c000 	C:\WINDOWS\system32\combase.dll
0x00007fff69c10000 - 0x00007fff69c61000 	C:\WINDOWS\system32\shlwapi.dll
0x00007fff68410000 - 0x00007fff6841f000 	C:\WINDOWS\system32\kernel.appcore.dll
0x00007fff688c0000 - 0x00007fff68973000 	C:\WINDOWS\system32\shcore.dll
0x00007fff683c0000 - 0x00007fff6840a000 	C:\WINDOWS\system32\powrprof.dll
0x00007fff68440000 - 0x00007fff68453000 	C:\WINDOWS\system32\profapi.dll

VM Arguments:
jvm_args: -Djava.awt.headless=true -Xmx1024M -Dfile.encoding=windows-1252 -Duser.country=US -Duser.language=en -Duser.variant 
java_command: com.android.dx.command.Main --dex --force-jumbo --num-threads=4 --multi-dex --output D:\AndroidPrograms\OpenGLPractice\app\build\intermediates\transforms\dex\debug\folders\1000\5\slice_2 D:\AndroidPrograms\OpenGLPractice\app\build\intermediates\transforms\instantRunSlicer\debug\folders\1\5\slice_2
java_class_path (initial): D:\AppData\Local\Android\sdk1\build-tools\23.0.3\lib\dx.jar
Launcher Type: SUN_STANDARD

Environment Variables:
PATH=C:\ProgramData\Oracle\Java\javapath;C:\Program Files (x86)\Intel\iCLS Client\;C:\Program Files\Intel\iCLS Client\;C:\WINDOWS\system32;C:\WINDOWS;C:\WINDOWS\System32\Wbem;C:\WINDOWS\System32\WindowsPowerShell\v1.0\;C:\Program Files\Intel\Intel(R) Management Engine Components\DAL;C:\Program Files (x86)\Intel\Intel(R) Management Engine Components\DAL;C:\Program Files\Intel\Intel(R) Management Engine Components\IPT;C:\Program Files (x86)\Intel\Intel(R) Management Engine Components\IPT;c:\Program Files (x86)\ATI Technologies\ATI.ACE\Core-Static;C:\Program Files (x86)\Windows Live\Shared;C:\Program Files (x86)\Skype\Phone\;D:\AppData\Local\Android\sdk\tools;D:\AppData\Local\Android\sdk\platform-tools;D:\AppData\Local\Programs\Git\bin;D:\AppData\Local\Programs\Git\cmd
USERNAME=Taylor
OS=Windows_NT
PROCESSOR_IDENTIFIER=Intel64 Family 6 Model 60 Stepping 3, GenuineIntel



---------------  S Y S T E M  ---------------

OS: Windows 10.0 , 64 bit Build 10240 (10.0.10240.16384)

CPU:total 8 (4 cores per cpu, 2 threads per core) family 6 model 60 stepping 3, cmov, cx8, fxsr, mmx, sse, sse2, sse3, ssse3, sse4.1, sse4.2, popcnt, avx, avx2, aes, clmul, erms, lzcnt, ht, tsc, tscinvbit, bmi1, bmi2

Memory: 4k page, physical 16660000k(4960524k free), swap 21781160k(5160k free)

vm_info: Java HotSpot(TM) 64-Bit Server VM (25.65-b01) for windows-amd64 JRE (1.8.0_65-b17), built on Oct  6 2015 16:39:20 by "java_re" with MS VC++ 10.0 (VS2010)

time: Thu Sep 15 19:00:02 2016
elapsed time: 0 seconds (0d 0h 0m 0s)

